[GET] http://localhost:7456/scripting/engine/bin/.cache/dev/preview/import-map.json => [200] OK
[GET] http://localhost:7456/scripting/x/import-map.json => [200] OK
[GET] http://localhost:7456/scripting/import-map-global => [200] OK
[GET] http://localhost:7456/scripting/x/resolution-detail-map.json => [200] OK
[GET] http://localhost:7456/socket.io/?EIO=3&transport=polling&t=PpNjVTW => [200] OK
[GET] http://localhost:7456/socket.io/?EIO=3&transport=polling&t=PpNjVTZ&sid=nLfzZSulIj9Wz2UcAAAC => [200] OK
[GET] http://localhost:7456/engine_external/?url=external:emscripten/meshopt/meshopt_decoder.wasm.wasm => [200] OK
[GET] http://localhost:7456/engine_external/?url=external:emscripten/spine/3.8/spine.wasm => [200] OK
[GET] http://localhost:7456/src/effect.bin => [200] OK
[GET] http://localhost:7456/assets/internal/config.json => [200] OK
[GET] http://localhost:7456/query-extname/60f7195c-ec2a-45eb-ba94-8955f60e81d0 => [200] OK
[GET] http://localhost:7456/query-extname/1c02ae6f-4492-4915-b8f8-7492a3b1e4cd => [200] OK
[GET] http://localhost:7456/query-extname/810e96e4-e456-4468-9b59-f4e8f39732c0 => [200] OK
[GET] http://localhost:7456/query-extname/efe8e2a3-eace-427b-b4f1-cb8a937ec77d => [200] OK
[GET] http://localhost:7456/query-extname/e9aa9a3e-5b2b-4ac7-a2c7-073de2b2b24f => [200] OK
[GET] http://localhost:7456/query-extname/8bbdbcdd-5cd4-4100-b6d5-b7c9625b6107 => [200] OK
[GET] http://localhost:7456/query-extname/50f4348b-c883-4e2f-8f11-ce233b859fa1 => [200] OK
[GET] http://localhost:7456/query-extname/fda095cb-831d-4601-ad94-846013963de8 => [200] OK
[GET] http://localhost:7456/query-extname/f92806d7-1768-443f-afe8-12bcde84d0f0 => [200] OK
[GET] http://localhost:7456/query-extname/dd3a144d-ab7f-41f0-82b8-2e43a090d496 => [200] OK
[GET] http://localhost:7456/query-extname/f0416e68-0200-4b77-a926-4f9d16e494da => [200] OK
[GET] http://localhost:7456/query-extname/970b0598-bcb0-4714-91fb-2e81440dccd8 => [200] OK
[GET] http://localhost:7456/query-extname/bcd64cc6-2dd9-43f6-abbe-66318d332032 => [200] OK
[GET] http://localhost:7456/query-extname/d930590d-bb92-4cc8-8bd1-23cd027f9edf => [200] OK
[GET] http://localhost:7456/query-extname/a3cd009f-0ab0-420d-9278-b9fdab939bbc => [200] OK
[GET] http://localhost:7456/query-extname/6a2d0734-bd9e-4ddf-946e-caa52498cb75 => [200] OK
[GET] http://localhost:7456/query-extname/c27215d8-6835-4b68-bfbb-bdeac6100c04 => [200] OK
[GET] http://localhost:7456/query-extname/b5d6115f-0370-4d7c-aad3-c194cc71cf98 => [200] OK
[GET] http://localhost:7456/query-extname/871c3b6c-7379-419d-bda3-794b239ab90d => [200] OK
[GET] http://localhost:7456/query-extname/5c601d96-e4c7-4698-991b-7ee674b11079 => [200] OK
[GET] http://localhost:7456/assets/internal/import/60/60f7195c-ec2a-45eb-ba94-8955f60e81d0.json => [200] OK
[GET] http://localhost:7456/assets/internal/import/1c/1c02ae6f-4492-4915-b8f8-7492a3b1e4cd.json => [200] OK
[GET] http://localhost:7456/assets/internal/import/81/810e96e4-e456-4468-9b59-f4e8f39732c0.json => [200] OK
[GET] http://localhost:7456/assets/internal/import/ef/efe8e2a3-eace-427b-b4f1-cb8a937ec77d.json => [200] OK
[GET] http://localhost:7456/assets/internal/import/e9/e9aa9a3e-5b2b-4ac7-a2c7-073de2b2b24f.json => [200] OK
[GET] http://localhost:7456/assets/internal/import/8b/8bbdbcdd-5cd4-4100-b6d5-b7c9625b6107.json => [200] OK
[GET] http://localhost:7456/assets/internal/import/50/50f4348b-c883-4e2f-8f11-ce233b859fa1.json => [200] OK
[GET] http://localhost:7456/assets/internal/import/fd/fda095cb-831d-4601-ad94-846013963de8.json => [200] OK
[GET] http://localhost:7456/assets/internal/import/f9/f92806d7-1768-443f-afe8-12bcde84d0f0.json => [200] OK
[GET] http://localhost:7456/assets/internal/import/dd/dd3a144d-ab7f-41f0-82b8-2e43a090d496.json => [200] OK
[GET] http://localhost:7456/assets/internal/import/f0/f0416e68-0200-4b77-a926-4f9d16e494da.json => [200] OK
[GET] http://localhost:7456/assets/internal/import/97/970b0598-bcb0-4714-91fb-2e81440dccd8.json => [200] OK
[GET] http://localhost:7456/assets/internal/import/bc/bcd64cc6-2dd9-43f6-abbe-66318d332032.json => [200] OK
[GET] http://localhost:7456/assets/internal/import/d9/d930590d-bb92-4cc8-8bd1-23cd027f9edf.json => [200] OK
[GET] http://localhost:7456/assets/internal/import/a3/a3cd009f-0ab0-420d-9278-b9fdab939bbc.json => [200] OK
[GET] http://localhost:7456/assets/internal/import/5c/5c601d96-e4c7-4698-991b-7ee674b11079.json => [200] OK
[GET] http://localhost:7456/assets/internal/import/87/871c3b6c-7379-419d-bda3-794b239ab90d.json => [200] OK
[GET] http://localhost:7456/assets/internal/import/b5/b5d6115f-0370-4d7c-aad3-c194cc71cf98.json => [200] OK
[GET] http://localhost:7456/assets/internal/import/c2/c27215d8-6835-4b68-bfbb-bdeac6100c04.json => [200] OK
[GET] http://localhost:7456/assets/internal/import/6a/6a2d0734-bd9e-4ddf-946e-caa52498cb75.json => [200] OK
[GET] http://localhost:7456/assets/main/config.json => [200] OK
[GET] http://localhost:7456/scene/current_scene.json => [200] OK